<?xml version="1.0" encoding="UTF-8"?>
<!-- Generated by org.testng.reporters.JUnitReportReporter -->
<testsuite skipped="0" hostname="DTE01429" name="packTwo.copy.Annotations" tests="2" failures="0" timestamp="25 Mar 2018 14:29:36 GMT" time="0.002" errors="0">
  <testcase name="FlightBooking" time="0.001" classname="packTwo.copy.Annotations"/>
  <testcase name="FlightCancel" time="0.001" classname="packTwo.copy.Annotations"/>
</testsuite> <!-- packTwo.copy.Annotations -->
