<?xml version="1.0" encoding="UTF-8"?>
<!-- Generated by org.testng.reporters.JUnitReportReporter -->
<testsuite skipped="0" hostname="DTE01429" name="packTwo.Annotations" tests="2" failures="0" timestamp="25 Mar 2018 14:31:01 GMT" time="0.001" errors="0">
  <testcase name="FlightBooking" time="0.000" classname="packTwo.Annotations"/>
  <testcase name="FlightCancel" time="0.001" classname="packTwo.Annotations"/>
</testsuite> <!-- packTwo.Annotations -->
