<?xml version="1.0" encoding="UTF-8"?>
<!-- Generated by org.testng.reporters.JUnitReportReporter -->
<testsuite skipped="0" hostname="DTE01429" name="TestNGFiles.Annotatiion2" tests="1" failures="0" timestamp="25 Mar 2018 14:31:01 GMT" time="0.004" errors="0">
  <testcase name="software" time="0.004" classname="TestNGFiles.Annotatiion2"/>
</testsuite> <!-- TestNGFiles.Annotatiion2 -->
