<?xml version="1.0" encoding="UTF-8"?>
<!-- Generated by org.testng.reporters.JUnitReportReporter -->
<testsuite skipped="0" hostname="DTE01429" name="packTwo.Annotatiion2" tests="1" failures="0" timestamp="25 Mar 2018 14:31:01 GMT" time="0.001" errors="0">
  <testcase name="software" time="0.001" classname="packTwo.Annotatiion2"/>
</testsuite> <!-- packTwo.Annotatiion2 -->
